<?xml version="1.0" encoding="UTF-8"?>
<!-- Generated by org.testng.reporters.JUnitXMLReporter -->
<testsuite hostname="DESKTOP-N2E923C" ignored="0" name="Test" tests="4" failures="0" timestamp="2020-05-28T14:29:24 EDT" time="157.993" errors="0">
  <testcase name="basePageNavigation" time="0.059" classname="Framework.End2End.LogoValidate"/>
  <testcase name="basePageNavigation" time="59.289" classname="Framework.End2End.HomePage"/>
  <testcase name="basePageNavigation" time="61.405" classname="Framework.End2End.HomePage"/>
  <testcase name="basePageNavigation" time="0.048" classname="Framework.End2End.ValidateTitle"/>
</testsuite> <!-- Test -->
